<?xml version="1.0" encoding="utf-8"?>
<shfbBuild product="Sandcastle Help File Builder and Tools" version="2020.3.6.0" projectFile="C:\Users\karol\Documents\Programowanie pod Windows\1.1\zad5\zad5\zad5.shfbproj" started="23.03.2020 22:35:19">
<buildStep step="Initializing">
Finding tools...
The Sandcastle tools are located in &#39;C:\Program Files (x86)\EWSoftware\Sandcastle Help File Builder\&#39;
Searching for HTML Help 1 compiler...
Found HTML Help 1 compiler in &#39;C:\Program Files (x86)\HTML Help Workshop\&#39;
Locating components in the following folder(s):
    C:\Users\karol\Documents\Programowanie pod Windows\1.1\zad5\zad5
    C:\ProgramData\EWSoftware\Sandcastle Help File Builder\Components and Plug-Ins\
    C:\Program Files (x86)\EWSoftware\Sandcastle Help File Builder\
Using framework reflection data for &#39;.NET Framework 4.7.2&#39; located in &#39;C:\Program Files (x86)\EWSoftware\Sandcastle Help File Builder\Data\.NETFramework&#39;
Using presentation style &#39;VS2013&#39; located in &#39;C:\Program Files (x86)\EWSoftware\Sandcastle Help File Builder\PresentationStyles\VS2013&#39;
Loading and initializing plug-ins...
Lightweight Website Style Version 2020.3.6.0
Copyright &#169; 2006-2020, Eric Woodruff, All Rights Reserved
Portions Copyright &#169; 2014, Sam Harwell, All Rights Reserved
-------------------------------
Clearing any prior web/markdown output...
</buildStep>
<buildStep step="ValidatingDocumentationSources">
Validating and copying documentation source information
Source: C:\Users\karol\Documents\Programowanie pod Windows\1.1\zad2\zad2\zad2.csproj
    Found project &#39;C:\Users\karol\Documents\Programowanie pod Windows\1.1\zad2\zad2\zad2.csproj&#39;

Parsing project files
    Found assembly &#39;C:\Users\karol\Documents\Programowanie pod Windows\1.1\zad2\zad2\bin\Debug\zad2.exe&#39;

References to include:
    None

Copying XML comments files
    C:\Users\karol\Documents\Programowanie pod Windows\1.1\zad2\zad2\bin\Debug\zad2.xml -&gt; C:\Users\karol\Documents\Programowanie pod Windows\1.1\zad5\zad5\Help\Working\zad2.xml
</buildStep>
<buildStep step="GenerateSharedContent">
Generating shared content files (en-US, Angielski (Stany Zjednoczone))...
<plugIn name="Lightweight Website Style" behavior="After" priority="1000">
</plugIn>    Last step completed in 00:00:00,0299
</buildStep>
<buildStep step="GenerateApiFilter">
Generating API filter for MRefBuilder...
    Last step completed in 00:00:00,0030
</buildStep>
<buildStep step="GenerateReflectionInfo">
Generating reflection information...
[C:\Program Files (x86)\Microsoft Visual Studio\2019\Community\MSBuild\Current\Bin\MSBuild.exe - GenerateRefInfo.proj]
Kompilacja rozpocz&#169;a si&#169; 23.03.2020 22:35:21.
Projekt &quot;C:\Users\karol\Documents\Programowanie pod Windows\1.1\zad5\zad5\Help\Working\GenerateRefInfo.proj&quot; w w&#169;&#171;le 1 (domylne elementy docelowe).
PrepareForBuild:
  Tworzenie katalogu &quot;obj\Debug\&quot;.
GenerateBindingRedirects:
  Brak sugerowanych przekierowa&#228; powiĄza&#228; z ResolveAssemblyReferences.
GenerateRefInfo:
  MRefBuilder (v2020.3.6.0)
  Copyright c 2006-2020, Microsoft Corporation, All Rights Reserved.
  Portions Copyright c 2006-2020, Eric Woodruff, All Rights Reserved.
  No source code context base path specified.  Source context information is unavailable.
  Loaded 1 assemblies for reflection and 1 dependency assemblies.
  Wrote information on 1 namespaces, 2 types, and 8 members
  Kopiowanie pliku z &quot;C:\Users\karol\Documents\Programowanie pod Windows\1.1\zad5\zad5\Help\Working\reflection.org&quot; do &quot;C:\Users\karol\Documents\Programowanie pod Windows\1.1\zad5\zad5\Help\Working\reflection.all&quot;.
  XslTransform (v2020.3.6.0)
  Copyright c 2006-2020, Microsoft Corporation, All Rights Reserved.
  Portions Copyright c 2006-2020, Eric Woodruff, All Rights Reserved.
  Applying XSL transformation &#39;C:\Program Files (x86)\EWSoftware\Sandcastle Help File Builder\ProductionTransforms\MergeDuplicates.xsl&#39;.
Kompilowanie projektu &quot;C:\Users\karol\Documents\Programowanie pod Windows\1.1\zad5\zad5\Help\Working\GenerateRefInfo.proj&quot; wykonane (domylne elementy docelowe).
    Last step completed in 00:00:00,8113
</buildStep>
<buildStep step="TransformReflectionInfo">
Transforming reflection output...
[C:\Program Files (x86)\Microsoft Visual Studio\2019\Community\MSBuild\Current\Bin\MSBuild.exe - TransformManifest.proj]
Kompilacja rozpocz&#169;a si&#169; 23.03.2020 22:35:21.
Projekt &quot;C:\Users\karol\Documents\Programowanie pod Windows\1.1\zad5\zad5\Help\Working\TransformManifest.proj&quot; w w&#169;&#171;le 1 (domylne elementy docelowe).
TransformManifest:
  XslTransform (v2020.3.6.0)
  Copyright c 2006-2020, Microsoft Corporation, All Rights Reserved.
  Portions Copyright c 2006-2020, Eric Woodruff, All Rights Reserved.
  Applying XSL transformation &#39;C:\Program Files (x86)\EWSoftware\Sandcastle Help File Builder\\ProductionTransforms\ApplyVSDocModel.xsl&#39;.
  Kopiowanie pliku z &quot;C:\Users\karol\Documents\Programowanie pod Windows\1.1\zad5\zad5\Help\Working\reflection.xml&quot; do &quot;C:\Users\karol\Documents\Programowanie pod Windows\1.1\zad5\zad5\Help\Working\reflection.nofilenames&quot;.
  XslTransform (v2020.3.6.0)
  Copyright c 2006-2020, Microsoft Corporation, All Rights Reserved.
  Portions Copyright c 2006-2020, Eric Woodruff, All Rights Reserved.
  Applying XSL transformation &#39;C:\Program Files (x86)\EWSoftware\Sandcastle Help File Builder\ProductionTransforms\AddFilenames.xsl&#39;.
  XslTransform (v2020.3.6.0)
  Copyright c 2006-2020, Microsoft Corporation, All Rights Reserved.
  Portions Copyright c 2006-2020, Eric Woodruff, All Rights Reserved.
  Applying XSL transformation &#39;C:\Program Files (x86)\EWSoftware\Sandcastle Help File Builder\ProductionTransforms\ReflectionToManifest.xsl&#39;.
Kompilowanie projektu &quot;C:\Users\karol\Documents\Programowanie pod Windows\1.1\zad5\zad5\Help\Working\TransformManifest.proj&quot; wykonane (domylne elementy docelowe).
    Last step completed in 00:00:00,5273
</buildStep>
<buildStep step="GenerateNamespaceSummaries">
Generating namespace summary information...
    Last step completed in 00:00:00,0170
</buildStep>
<buildStep step="CopyConceptualContent">
Copying conceptual content...
Copying standard token shared content file...
Checking for other token files...
Checking for code snippets files...
Copying images and creating the media map file...
Generating conceptual topic files
    Parsing topic file &#39;C:\Users\karol\Documents\Programowanie pod Windows\1.1\zad5\zad5\Content\Welcome.aml&#39;
    C:\Users\karol\Documents\Programowanie pod Windows\1.1\zad5\zad5\Content\Welcome.aml -&gt; C:\Users\karol\Documents\Programowanie pod Windows\1.1\zad5\zad5\Help\Working\ddueXml\3c291bc2-4495-4932-be84-5b91b52b7206.xml
    Parsing topic file &#39;C:\Users\karol\Documents\Programowanie pod Windows\1.1\zad5\zad5\Content\VersionHistory\VersionHistory.aml&#39;
    C:\Users\karol\Documents\Programowanie pod Windows\1.1\zad5\zad5\Content\VersionHistory\VersionHistory.aml -&gt; C:\Users\karol\Documents\Programowanie pod Windows\1.1\zad5\zad5\Help\Working\ddueXml\30ecf45e-2a1f-42e1-b644-5256af7b7e44.xml
    Parsing topic file &#39;C:\Users\karol\Documents\Programowanie pod Windows\1.1\zad5\zad5\Content\VersionHistory\v1.0.0.0.aml&#39;
    C:\Users\karol\Documents\Programowanie pod Windows\1.1\zad5\zad5\Content\VersionHistory\v1.0.0.0.aml -&gt; C:\Users\karol\Documents\Programowanie pod Windows\1.1\zad5\zad5\Help\Working\ddueXml\f8bdcb8c-0c27-4eb3-90d2-e3a3fdc43a6e.xml
    Last step completed in 00:00:00,0498
</buildStep>
<buildStep step="CreateConceptualTopicConfigs">
Creating conceptual topic configuration files...
    Companion files
    _ContentMetadata_.xml
    Merging topic IDs into manifest.xml
    Last step completed in 00:00:00,0180
</buildStep>
<buildStep step="CopyAdditionalContent">
Copying additional content files...
C:\Users\karol\Documents\Programowanie pod Windows\1.1\zad5\zad5\icons\Help.png -&gt; C:\Users\karol\Documents\Programowanie pod Windows\1.1\zad5\zad5\Help\Working\Output\HtmlHelp1\icons\Help.png
C:\Users\karol\Documents\Programowanie pod Windows\1.1\zad5\zad5\icons\Help.png -&gt; C:\Users\karol\Documents\Programowanie pod Windows\1.1\zad5\zad5\Help\Working\Output\MSHelpViewer\icons\Help.png
C:\Users\karol\Documents\Programowanie pod Windows\1.1\zad5\zad5\icons\Help.png -&gt; C:\Users\karol\Documents\Programowanie pod Windows\1.1\zad5\zad5\Help\Working\Output\Website\icons\Help.png
    Last step completed in 00:00:00,0160
</buildStep>
<buildStep step="MergeTablesOfContents">
Merging conceptual and additional tables of contents...
    Last step completed in 00:00:00,0040
</buildStep>
<buildStep step="GenerateIntermediateTableOfContents">
Generating intermediate table of contents file...
[C:\Program Files (x86)\Microsoft Visual Studio\2019\Community\MSBuild\Current\Bin\MSBuild.exe - GenerateIntermediateTOC.proj]
Kompilacja rozpocz&#169;a si&#169; 23.03.2020 22:35:22.
Projekt &quot;C:\Users\karol\Documents\Programowanie pod Windows\1.1\zad5\zad5\Help\Working\GenerateIntermediateTOC.proj&quot; w w&#169;&#171;le 1 (domylne elementy docelowe).
GenerateIntermediateTOC:
  XslTransform (v2020.3.6.0)
  Copyright c 2006-2020, Microsoft Corporation, All Rights Reserved.
  Portions Copyright c 2006-2020, Eric Woodruff, All Rights Reserved.
  Applying XSL transformation &#39;C:\Program Files (x86)\EWSoftware\Sandcastle Help File Builder\\ProductionTransforms\CreateVSToc.xsl&#39;.
Kompilowanie projektu &quot;C:\Users\karol\Documents\Programowanie pod Windows\1.1\zad5\zad5\Help\Working\GenerateIntermediateTOC.proj&quot; wykonane (domylne elementy docelowe).
Generating conceptual content intermediate TOC file...
    Last step completed in 00:00:00,2994
</buildStep>
<buildStep step="CreateBuildAssemblerConfigs">
Creating Sandcastle configuration files...
    sandcastle.config
    Last step completed in 00:00:00,4129
</buildStep>
<buildStep step="MergeCustomConfigs">
Merging custom build component configurations
C:\Users\karol\Documents\Programowanie pod Windows\1.1\zad5\zad5\Help\Working\sandcastle.config
  Updating reference topic configurations.
  Updating conceptual topic configurations.
    Removing unused ExampleComponent.
    Last step completed in 00:00:00,0080
</buildStep>
<buildStep step="BuildTopics">
Building help topics...
[C:\Program Files (x86)\Microsoft Visual Studio\2019\Community\MSBuild\Current\Bin\MSBuild.exe - BuildTopics.proj]
Kompilacja rozpocz&#169;a si&#169; 23.03.2020 22:35:23.
Projekt &quot;C:\Users\karol\Documents\Programowanie pod Windows\1.1\zad5\zad5\Help\Working\BuildTopics.proj&quot; w w&#169;&#171;le 1 (domylne elementy docelowe).
BuildTopics:
  BuildAssembler (v2020.3.6.0)
  Copyright c 2006-2020, Microsoft Corporation, All Rights Reserved.
  Portions Copyright c 2006-2020, Eric Woodruff, All Rights Reserved.
  Loading configuration...
  Processing topics...
  Processed 18 topic(s)
  CopyFromIndexComponent: &quot;metadata&quot; in-memory cache entries used: 1 of 15.
  ResolveArtLinksComponent: Copying media files...
  ResolveArtLinksComponent: Copying media files...
  ResolveArtLinksComponent: Copying media files...
  CopyFromIndexComponent: &quot;reflection&quot; in-memory cache entries used: 2 of 15.
  CopyFromIndexComponent: &quot;comments&quot; in-memory cache entries used: 1 of 30.
Kompilowanie projektu &quot;C:\Users\karol\Documents\Programowanie pod Windows\1.1\zad5\zad5\Help\Working\BuildTopics.proj&quot; wykonane (domylne elementy docelowe).
    Last step completed in 00:00:08,5589
</buildStep>
<buildStep step="CombiningIntermediateTocFiles">
Combining conceptual and API intermediate TOC files...
    Last step completed in 00:00:00,0030
</buildStep>
<buildStep step="ExtractingHtmlInfo">
Extracting HTML info for HTML Help 1 and/or website...
[C:\Program Files (x86)\Microsoft Visual Studio\2019\Community\MSBuild\Current\Bin\MSBuild.exe - ExtractHtmlInfo.proj]
Sandcastle Help File Builder and Tools, version 2020.3.6.0
Copyright c 2006-2020, Eric Woodruff, All Rights Reserved
E-Mail: Eric@EWoodruff.us

Using LCID &#39;1033&#39;, code page &#39;65001&#39;, encoding charset &#39;UTF-8&#39;.

Processing Help 1 files in C:\Users\karol\Documents\Programowanie pod Windows\1.1\zad5\zad5\Help\Working\Output\HtmlHelp1
Processed 18 HTML files
Sorting keywords and generating See Also indices
Saving HTML Help 1 keyword index to C:\Users\karol\Documents\Programowanie pod Windows\1.1\zad5\zad5\Help\Working\zad5.hhk
Saving HTML Help 1 table of contents to C:\Users\karol\Documents\Programowanie pod Windows\1.1\zad5\zad5\Help\Working\zad5.hhc

Processing website files in C:\Users\karol\Documents\Programowanie pod Windows\1.1\zad5\zad5\Help\Working\Output\Website
Processed 18 HTML files
Sorting keywords and generating See Also indices
Saving website keyword index to C:\Users\karol\Documents\Programowanie pod Windows\1.1\zad5\zad5\Help\Working\WebKI.xml
Saving website table of contents to C:\Users\karol\Documents\Programowanie pod Windows\1.1\zad5\zad5\Help\Working\WebTOC.xml
    Last step completed in 00:00:00,4174
</buildStep>
<buildStep step="CopyStandardHelpContent">
Copying standard help content...
C:\Program Files (x86)\EWSoftware\Sandcastle Help File Builder\PresentationStyles\VS2013\icons\AlertCaution.png -&gt; C:\Users\karol\Documents\Programowanie pod Windows\1.1\zad5\zad5\Help\Working\Output\HtmlHelp1\icons\AlertCaution.png
C:\Program Files (x86)\EWSoftware\Sandcastle Help File Builder\PresentationStyles\VS2013\icons\AlertNote.png -&gt; C:\Users\karol\Documents\Programowanie pod Windows\1.1\zad5\zad5\Help\Working\Output\HtmlHelp1\icons\AlertNote.png
C:\Program Files (x86)\EWSoftware\Sandcastle Help File Builder\PresentationStyles\VS2013\icons\AlertSecurity.png -&gt; C:\Users\karol\Documents\Programowanie pod Windows\1.1\zad5\zad5\Help\Working\Output\HtmlHelp1\icons\AlertSecurity.png
C:\Program Files (x86)\EWSoftware\Sandcastle Help File Builder\PresentationStyles\VS2013\icons\CFW.gif -&gt; C:\Users\karol\Documents\Programowanie pod Windows\1.1\zad5\zad5\Help\Working\Output\HtmlHelp1\icons\CFW.gif
C:\Program Files (x86)\EWSoftware\Sandcastle Help File Builder\PresentationStyles\VS2013\icons\CodeExample.png -&gt; C:\Users\karol\Documents\Programowanie pod Windows\1.1\zad5\zad5\Help\Working\Output\HtmlHelp1\icons\CodeExample.png
C:\Program Files (x86)\EWSoftware\Sandcastle Help File Builder\PresentationStyles\VS2013\icons\favicon.ico -&gt; C:\Users\karol\Documents\Programowanie pod Windows\1.1\zad5\zad5\Help\Working\Output\HtmlHelp1\icons\favicon.ico
C:\Program Files (x86)\EWSoftware\Sandcastle Help File Builder\PresentationStyles\VS2013\icons\privclass.gif -&gt; C:\Users\karol\Documents\Programowanie pod Windows\1.1\zad5\zad5\Help\Working\Output\HtmlHelp1\icons\privclass.gif
C:\Program Files (x86)\EWSoftware\Sandcastle Help File Builder\PresentationStyles\VS2013\icons\privdelegate.gif -&gt; C:\Users\karol\Documents\Programowanie pod Windows\1.1\zad5\zad5\Help\Working\Output\HtmlHelp1\icons\privdelegate.gif
C:\Program Files (x86)\EWSoftware\Sandcastle Help File Builder\PresentationStyles\VS2013\icons\privenumeration.gif -&gt; C:\Users\karol\Documents\Programowanie pod Windows\1.1\zad5\zad5\Help\Working\Output\HtmlHelp1\icons\privenumeration.gif
C:\Program Files (x86)\EWSoftware\Sandcastle Help File Builder\PresentationStyles\VS2013\icons\privevent.gif -&gt; C:\Users\karol\Documents\Programowanie pod Windows\1.1\zad5\zad5\Help\Working\Output\HtmlHelp1\icons\privevent.gif
C:\Program Files (x86)\EWSoftware\Sandcastle Help File Builder\PresentationStyles\VS2013\icons\privextension.gif -&gt; C:\Users\karol\Documents\Programowanie pod Windows\1.1\zad5\zad5\Help\Working\Output\HtmlHelp1\icons\privextension.gif
C:\Program Files (x86)\EWSoftware\Sandcastle Help File Builder\PresentationStyles\VS2013\icons\privfield.gif -&gt; C:\Users\karol\Documents\Programowanie pod Windows\1.1\zad5\zad5\Help\Working\Output\HtmlHelp1\icons\privfield.gif
C:\Program Files (x86)\EWSoftware\Sandcastle Help File Builder\PresentationStyles\VS2013\icons\privinterface.gif -&gt; C:\Users\karol\Documents\Programowanie pod Windows\1.1\zad5\zad5\Help\Working\Output\HtmlHelp1\icons\privinterface.gif
C:\Program Files (x86)\EWSoftware\Sandcastle Help File Builder\PresentationStyles\VS2013\icons\privmethod.gif -&gt; C:\Users\karol\Documents\Programowanie pod Windows\1.1\zad5\zad5\Help\Working\Output\HtmlHelp1\icons\privmethod.gif
C:\Program Files (x86)\EWSoftware\Sandcastle Help File Builder\PresentationStyles\VS2013\icons\privproperty.gif -&gt; C:\Users\karol\Documents\Programowanie pod Windows\1.1\zad5\zad5\Help\Working\Output\HtmlHelp1\icons\privproperty.gif
C:\Program Files (x86)\EWSoftware\Sandcastle Help File Builder\PresentationStyles\VS2013\icons\privstructure.gif -&gt; C:\Users\karol\Documents\Programowanie pod Windows\1.1\zad5\zad5\Help\Working\Output\HtmlHelp1\icons\privstructure.gif
C:\Program Files (x86)\EWSoftware\Sandcastle Help File Builder\PresentationStyles\VS2013\icons\protclass.gif -&gt; C:\Users\karol\Documents\Programowanie pod Windows\1.1\zad5\zad5\Help\Working\Output\HtmlHelp1\icons\protclass.gif
C:\Program Files (x86)\EWSoftware\Sandcastle Help File Builder\PresentationStyles\VS2013\icons\protdelegate.gif -&gt; C:\Users\karol\Documents\Programowanie pod Windows\1.1\zad5\zad5\Help\Working\Output\HtmlHelp1\icons\protdelegate.gif
C:\Program Files (x86)\EWSoftware\Sandcastle Help File Builder\PresentationStyles\VS2013\icons\protenumeration.gif -&gt; C:\Users\karol\Documents\Programowanie pod Windows\1.1\zad5\zad5\Help\Working\Output\HtmlHelp1\icons\protenumeration.gif
C:\Program Files (x86)\EWSoftware\Sandcastle Help File Builder\PresentationStyles\VS2013\icons\protevent.gif -&gt; C:\Users\karol\Documents\Programowanie pod Windows\1.1\zad5\zad5\Help\Working\Output\HtmlHelp1\icons\protevent.gif
C:\Program Files (x86)\EWSoftware\Sandcastle Help File Builder\PresentationStyles\VS2013\icons\protextension.gif -&gt; C:\Users\karol\Documents\Programowanie pod Windows\1.1\zad5\zad5\Help\Working\Output\HtmlHelp1\icons\protextension.gif
C:\Program Files (x86)\EWSoftware\Sandcastle Help File Builder\PresentationStyles\VS2013\icons\protfield.gif -&gt; C:\Users\karol\Documents\Programowanie pod Windows\1.1\zad5\zad5\Help\Working\Output\HtmlHelp1\icons\protfield.gif
C:\Program Files (x86)\EWSoftware\Sandcastle Help File Builder\PresentationStyles\VS2013\icons\protinterface.gif -&gt; C:\Users\karol\Documents\Programowanie pod Windows\1.1\zad5\zad5\Help\Working\Output\HtmlHelp1\icons\protinterface.gif
C:\Program Files (x86)\EWSoftware\Sandcastle Help File Builder\PresentationStyles\VS2013\icons\protmethod.gif -&gt; C:\Users\karol\Documents\Programowanie pod Windows\1.1\zad5\zad5\Help\Working\Output\HtmlHelp1\icons\protmethod.gif
C:\Program Files (x86)\EWSoftware\Sandcastle Help File Builder\PresentationStyles\VS2013\icons\protoperator.gif -&gt; C:\Users\karol\Documents\Programowanie pod Windows\1.1\zad5\zad5\Help\Working\Output\HtmlHelp1\icons\protoperator.gif
C:\Program Files (x86)\EWSoftware\Sandcastle Help File Builder\PresentationStyles\VS2013\icons\protproperty.gif -&gt; C:\Users\karol\Documents\Programowanie pod Windows\1.1\zad5\zad5\Help\Working\Output\HtmlHelp1\icons\protproperty.gif
C:\Program Files (x86)\EWSoftware\Sandcastle Help File Builder\PresentationStyles\VS2013\icons\protstructure.gif -&gt; C:\Users\karol\Documents\Programowanie pod Windows\1.1\zad5\zad5\Help\Working\Output\HtmlHelp1\icons\protstructure.gif
C:\Program Files (x86)\EWSoftware\Sandcastle Help File Builder\PresentationStyles\VS2013\icons\pubclass.gif -&gt; C:\Users\karol\Documents\Programowanie pod Windows\1.1\zad5\zad5\Help\Working\Output\HtmlHelp1\icons\pubclass.gif
C:\Program Files (x86)\EWSoftware\Sandcastle Help File Builder\PresentationStyles\VS2013\icons\pubdelegate.gif -&gt; C:\Users\karol\Documents\Programowanie pod Windows\1.1\zad5\zad5\Help\Working\Output\HtmlHelp1\icons\pubdelegate.gif
C:\Program Files (x86)\EWSoftware\Sandcastle Help File Builder\PresentationStyles\VS2013\icons\pubenumeration.gif -&gt; C:\Users\karol\Documents\Programowanie pod Windows\1.1\zad5\zad5\Help\Working\Output\HtmlHelp1\icons\pubenumeration.gif
C:\Program Files (x86)\EWSoftware\Sandcastle Help File Builder\PresentationStyles\VS2013\icons\pubevent.gif -&gt; C:\Users\karol\Documents\Programowanie pod Windows\1.1\zad5\zad5\Help\Working\Output\HtmlHelp1\icons\pubevent.gif
C:\Program Files (x86)\EWSoftware\Sandcastle Help File Builder\PresentationStyles\VS2013\icons\pubextension.gif -&gt; C:\Users\karol\Documents\Programowanie pod Windows\1.1\zad5\zad5\Help\Working\Output\HtmlHelp1\icons\pubextension.gif
C:\Program Files (x86)\EWSoftware\Sandcastle Help File Builder\PresentationStyles\VS2013\icons\pubfield.gif -&gt; C:\Users\karol\Documents\Programowanie pod Windows\1.1\zad5\zad5\Help\Working\Output\HtmlHelp1\icons\pubfield.gif
C:\Program Files (x86)\EWSoftware\Sandcastle Help File Builder\PresentationStyles\VS2013\icons\pubinterface.gif -&gt; C:\Users\karol\Documents\Programowanie pod Windows\1.1\zad5\zad5\Help\Working\Output\HtmlHelp1\icons\pubinterface.gif
C:\Program Files (x86)\EWSoftware\Sandcastle Help File Builder\PresentationStyles\VS2013\icons\pubmethod.gif -&gt; C:\Users\karol\Documents\Programowanie pod Windows\1.1\zad5\zad5\Help\Working\Output\HtmlHelp1\icons\pubmethod.gif
C:\Program Files (x86)\EWSoftware\Sandcastle Help File Builder\PresentationStyles\VS2013\icons\puboperator.gif -&gt; C:\Users\karol\Documents\Programowanie pod Windows\1.1\zad5\zad5\Help\Working\Output\HtmlHelp1\icons\puboperator.gif
C:\Program Files (x86)\EWSoftware\Sandcastle Help File Builder\PresentationStyles\VS2013\icons\pubproperty.gif -&gt; C:\Users\karol\Documents\Programowanie pod Windows\1.1\zad5\zad5\Help\Working\Output\HtmlHelp1\icons\pubproperty.gif
C:\Program Files (x86)\EWSoftware\Sandcastle Help File Builder\PresentationStyles\VS2013\icons\pubstructure.gif -&gt; C:\Users\karol\Documents\Programowanie pod Windows\1.1\zad5\zad5\Help\Working\Output\HtmlHelp1\icons\pubstructure.gif
C:\Program Files (x86)\EWSoftware\Sandcastle Help File Builder\PresentationStyles\VS2013\icons\SectionCollapsed.png -&gt; C:\Users\karol\Documents\Programowanie pod Windows\1.1\zad5\zad5\Help\Working\Output\HtmlHelp1\icons\SectionCollapsed.png
C:\Program Files (x86)\EWSoftware\Sandcastle Help File Builder\PresentationStyles\VS2013\icons\SectionExpanded.png -&gt; C:\Users\karol\Documents\Programowanie pod Windows\1.1\zad5\zad5\Help\Working\Output\HtmlHelp1\icons\SectionExpanded.png
C:\Program Files (x86)\EWSoftware\Sandcastle Help File Builder\PresentationStyles\VS2013\icons\slMobile.gif -&gt; C:\Users\karol\Documents\Programowanie pod Windows\1.1\zad5\zad5\Help\Working\Output\HtmlHelp1\icons\slMobile.gif
C:\Program Files (x86)\EWSoftware\Sandcastle Help File Builder\PresentationStyles\VS2013\icons\static.gif -&gt; C:\Users\karol\Documents\Programowanie pod Windows\1.1\zad5\zad5\Help\Working\Output\HtmlHelp1\icons\static.gif
C:\Program Files (x86)\EWSoftware\Sandcastle Help File Builder\PresentationStyles\VS2013\icons\xna.gif -&gt; C:\Users\karol\Documents\Programowanie pod Windows\1.1\zad5\zad5\Help\Working\Output\HtmlHelp1\icons\xna.gif
C:\Program Files (x86)\EWSoftware\Sandcastle Help File Builder\PresentationStyles\VS2013\scripts\branding.js -&gt; C:\Users\karol\Documents\Programowanie pod Windows\1.1\zad5\zad5\Help\Working\Output\HtmlHelp1\scripts\branding.js
C:\Program Files (x86)\EWSoftware\Sandcastle Help File Builder\PresentationStyles\VS2013\styles\branding-cs-CZ.css -&gt; C:\Users\karol\Documents\Programowanie pod Windows\1.1\zad5\zad5\Help\Working\Output\HtmlHelp1\styles\branding-cs-CZ.css
C:\Program Files (x86)\EWSoftware\Sandcastle Help File Builder\PresentationStyles\VS2013\styles\branding-de-DE.css -&gt; C:\Users\karol\Documents\Programowanie pod Windows\1.1\zad5\zad5\Help\Working\Output\HtmlHelp1\styles\branding-de-DE.css
C:\Program Files (x86)\EWSoftware\Sandcastle Help File Builder\PresentationStyles\VS2013\styles\branding-en-US.css -&gt; C:\Users\karol\Documents\Programowanie pod Windows\1.1\zad5\zad5\Help\Working\Output\HtmlHelp1\styles\branding-en-US.css
C:\Program Files (x86)\EWSoftware\Sandcastle Help File Builder\PresentationStyles\VS2013\styles\branding-es-ES.css -&gt; C:\Users\karol\Documents\Programowanie pod Windows\1.1\zad5\zad5\Help\Working\Output\HtmlHelp1\styles\branding-es-ES.css
C:\Program Files (x86)\EWSoftware\Sandcastle Help File Builder\PresentationStyles\VS2013\styles\branding-fr-FR.css -&gt; C:\Users\karol\Documents\Programowanie pod Windows\1.1\zad5\zad5\Help\Working\Output\HtmlHelp1\styles\branding-fr-FR.css
C:\Program Files (x86)\EWSoftware\Sandcastle Help File Builder\PresentationStyles\VS2013\styles\branding-Help1.css -&gt; C:\Users\karol\Documents\Programowanie pod Windows\1.1\zad5\zad5\Help\Working\Output\HtmlHelp1\styles\branding-Help1.css
C:\Program Files (x86)\EWSoftware\Sandcastle Help File Builder\PresentationStyles\VS2013\styles\branding-HelpViewer.css -&gt; C:\Users\karol\Documents\Programowanie pod Windows\1.1\zad5\zad5\Help\Working\Output\HtmlHelp1\styles\branding-HelpViewer.css
C:\Program Files (x86)\EWSoftware\Sandcastle Help File Builder\PresentationStyles\VS2013\styles\branding-it-IT.css -&gt; C:\Users\karol\Documents\Programowanie pod Windows\1.1\zad5\zad5\Help\Working\Output\HtmlHelp1\styles\branding-it-IT.css
C:\Program Files (x86)\EWSoftware\Sandcastle Help File Builder\PresentationStyles\VS2013\styles\branding-ja-JP.css -&gt; C:\Users\karol\Documents\Programowanie pod Windows\1.1\zad5\zad5\Help\Working\Output\HtmlHelp1\styles\branding-ja-JP.css
C:\Program Files (x86)\EWSoftware\Sandcastle Help File Builder\PresentationStyles\VS2013\styles\branding-ko-KR.css -&gt; C:\Users\karol\Documents\Programowanie pod Windows\1.1\zad5\zad5\Help\Working\Output\HtmlHelp1\styles\branding-ko-KR.css
C:\Program Files (x86)\EWSoftware\Sandcastle Help File Builder\PresentationStyles\VS2013\styles\branding-pl-PL.css -&gt; C:\Users\karol\Documents\Programowanie pod Windows\1.1\zad5\zad5\Help\Working\Output\HtmlHelp1\styles\branding-pl-PL.css
C:\Program Files (x86)\EWSoftware\Sandcastle Help File Builder\PresentationStyles\VS2013\styles\branding-pt-BR.css -&gt; C:\Users\karol\Documents\Programowanie pod Windows\1.1\zad5\zad5\Help\Working\Output\HtmlHelp1\styles\branding-pt-BR.css
C:\Program Files (x86)\EWSoftware\Sandcastle Help File Builder\PresentationStyles\VS2013\styles\branding-ru-RU.css -&gt; C:\Users\karol\Documents\Programowanie pod Windows\1.1\zad5\zad5\Help\Working\Output\HtmlHelp1\styles\branding-ru-RU.css
C:\Program Files (x86)\EWSoftware\Sandcastle Help File Builder\PresentationStyles\VS2013\styles\branding-tr-TR.css -&gt; C:\Users\karol\Documents\Programowanie pod Windows\1.1\zad5\zad5\Help\Working\Output\HtmlHelp1\styles\branding-tr-TR.css
C:\Program Files (x86)\EWSoftware\Sandcastle Help File Builder\PresentationStyles\VS2013\styles\branding-Website.css -&gt; C:\Users\karol\Documents\Programowanie pod Windows\1.1\zad5\zad5\Help\Working\Output\HtmlHelp1\styles\branding-Website.css
C:\Program Files (x86)\EWSoftware\Sandcastle Help File Builder\PresentationStyles\VS2013\styles\branding-zh-CN.css -&gt; C:\Users\karol\Documents\Programowanie pod Windows\1.1\zad5\zad5\Help\Working\Output\HtmlHelp1\styles\branding-zh-CN.css
C:\Program Files (x86)\EWSoftware\Sandcastle Help File Builder\PresentationStyles\VS2013\styles\branding-zh-TW.css -&gt; C:\Users\karol\Documents\Programowanie pod Windows\1.1\zad5\zad5\Help\Working\Output\HtmlHelp1\styles\branding-zh-TW.css
C:\Program Files (x86)\EWSoftware\Sandcastle Help File Builder\PresentationStyles\VS2013\styles\branding.css -&gt; C:\Users\karol\Documents\Programowanie pod Windows\1.1\zad5\zad5\Help\Working\Output\HtmlHelp1\styles\branding.css
C:\Program Files (x86)\EWSoftware\Sandcastle Help File Builder\PresentationStyles\VS2013\icons\AlertCaution.png -&gt; C:\Users\karol\Documents\Programowanie pod Windows\1.1\zad5\zad5\Help\Working\Output\MSHelpViewer\icons\AlertCaution.png
C:\Program Files (x86)\EWSoftware\Sandcastle Help File Builder\PresentationStyles\VS2013\icons\AlertNote.png -&gt; C:\Users\karol\Documents\Programowanie pod Windows\1.1\zad5\zad5\Help\Working\Output\MSHelpViewer\icons\AlertNote.png
C:\Program Files (x86)\EWSoftware\Sandcastle Help File Builder\PresentationStyles\VS2013\icons\AlertSecurity.png -&gt; C:\Users\karol\Documents\Programowanie pod Windows\1.1\zad5\zad5\Help\Working\Output\MSHelpViewer\icons\AlertSecurity.png
C:\Program Files (x86)\EWSoftware\Sandcastle Help File Builder\PresentationStyles\VS2013\icons\CFW.gif -&gt; C:\Users\karol\Documents\Programowanie pod Windows\1.1\zad5\zad5\Help\Working\Output\MSHelpViewer\icons\CFW.gif
C:\Program Files (x86)\EWSoftware\Sandcastle Help File Builder\PresentationStyles\VS2013\icons\CodeExample.png -&gt; C:\Users\karol\Documents\Programowanie pod Windows\1.1\zad5\zad5\Help\Working\Output\MSHelpViewer\icons\CodeExample.png
C:\Program Files (x86)\EWSoftware\Sandcastle Help File Builder\PresentationStyles\VS2013\icons\favicon.ico -&gt; C:\Users\karol\Documents\Programowanie pod Windows\1.1\zad5\zad5\Help\Working\Output\MSHelpViewer\icons\favicon.ico
C:\Program Files (x86)\EWSoftware\Sandcastle Help File Builder\PresentationStyles\VS2013\icons\privclass.gif -&gt; C:\Users\karol\Documents\Programowanie pod Windows\1.1\zad5\zad5\Help\Working\Output\MSHelpViewer\icons\privclass.gif
C:\Program Files (x86)\EWSoftware\Sandcastle Help File Builder\PresentationStyles\VS2013\icons\privdelegate.gif -&gt; C:\Users\karol\Documents\Programowanie pod Windows\1.1\zad5\zad5\Help\Working\Output\MSHelpViewer\icons\privdelegate.gif
C:\Program Files (x86)\EWSoftware\Sandcastle Help File Builder\PresentationStyles\VS2013\icons\privenumeration.gif -&gt; C:\Users\karol\Documents\Programowanie pod Windows\1.1\zad5\zad5\Help\Working\Output\MSHelpViewer\icons\privenumeration.gif
C:\Program Files (x86)\EWSoftware\Sandcastle Help File Builder\PresentationStyles\VS2013\icons\privevent.gif -&gt; C:\Users\karol\Documents\Programowanie pod Windows\1.1\zad5\zad5\Help\Working\Output\MSHelpViewer\icons\privevent.gif
C:\Program Files (x86)\EWSoftware\Sandcastle Help File Builder\PresentationStyles\VS2013\icons\privextension.gif -&gt; C:\Users\karol\Documents\Programowanie pod Windows\1.1\zad5\zad5\Help\Working\Output\MSHelpViewer\icons\privextension.gif
C:\Program Files (x86)\EWSoftware\Sandcastle Help File Builder\PresentationStyles\VS2013\icons\privfield.gif -&gt; C:\Users\karol\Documents\Programowanie pod Windows\1.1\zad5\zad5\Help\Working\Output\MSHelpViewer\icons\privfield.gif
C:\Program Files (x86)\EWSoftware\Sandcastle Help File Builder\PresentationStyles\VS2013\icons\privinterface.gif -&gt; C:\Users\karol\Documents\Programowanie pod Windows\1.1\zad5\zad5\Help\Working\Output\MSHelpViewer\icons\privinterface.gif
C:\Program Files (x86)\EWSoftware\Sandcastle Help File Builder\PresentationStyles\VS2013\icons\privmethod.gif -&gt; C:\Users\karol\Documents\Programowanie pod Windows\1.1\zad5\zad5\Help\Working\Output\MSHelpViewer\icons\privmethod.gif
C:\Program Files (x86)\EWSoftware\Sandcastle Help File Builder\PresentationStyles\VS2013\icons\privproperty.gif -&gt; C:\Users\karol\Documents\Programowanie pod Windows\1.1\zad5\zad5\Help\Working\Output\MSHelpViewer\icons\privproperty.gif
C:\Program Files (x86)\EWSoftware\Sandcastle Help File Builder\PresentationStyles\VS2013\icons\privstructure.gif -&gt; C:\Users\karol\Documents\Programowanie pod Windows\1.1\zad5\zad5\Help\Working\Output\MSHelpViewer\icons\privstructure.gif
C:\Program Files (x86)\EWSoftware\Sandcastle Help File Builder\PresentationStyles\VS2013\icons\protclass.gif -&gt; C:\Users\karol\Documents\Programowanie pod Windows\1.1\zad5\zad5\Help\Working\Output\MSHelpViewer\icons\protclass.gif
C:\Program Files (x86)\EWSoftware\Sandcastle Help File Builder\PresentationStyles\VS2013\icons\protdelegate.gif -&gt; C:\Users\karol\Documents\Programowanie pod Windows\1.1\zad5\zad5\Help\Working\Output\MSHelpViewer\icons\protdelegate.gif
C:\Program Files (x86)\EWSoftware\Sandcastle Help File Builder\PresentationStyles\VS2013\icons\protenumeration.gif -&gt; C:\Users\karol\Documents\Programowanie pod Windows\1.1\zad5\zad5\Help\Working\Output\MSHelpViewer\icons\protenumeration.gif
C:\Program Files (x86)\EWSoftware\Sandcastle Help File Builder\PresentationStyles\VS2013\icons\protevent.gif -&gt; C:\Users\karol\Documents\Programowanie pod Windows\1.1\zad5\zad5\Help\Working\Output\MSHelpViewer\icons\protevent.gif
C:\Program Files (x86)\EWSoftware\Sandcastle Help File Builder\PresentationStyles\VS2013\icons\protextension.gif -&gt; C:\Users\karol\Documents\Programowanie pod Windows\1.1\zad5\zad5\Help\Working\Output\MSHelpViewer\icons\protextension.gif
C:\Program Files (x86)\EWSoftware\Sandcastle Help File Builder\PresentationStyles\VS2013\icons\protfield.gif -&gt; C:\Users\karol\Documents\Programowanie pod Windows\1.1\zad5\zad5\Help\Working\Output\MSHelpViewer\icons\protfield.gif
C:\Program Files (x86)\EWSoftware\Sandcastle Help File Builder\PresentationStyles\VS2013\icons\protinterface.gif -&gt; C:\Users\karol\Documents\Programowanie pod Windows\1.1\zad5\zad5\Help\Working\Output\MSHelpViewer\icons\protinterface.gif
C:\Program Files (x86)\EWSoftware\Sandcastle Help File Builder\PresentationStyles\VS2013\icons\protmethod.gif -&gt; C:\Users\karol\Documents\Programowanie pod Windows\1.1\zad5\zad5\Help\Working\Output\MSHelpViewer\icons\protmethod.gif
C:\Program Files (x86)\EWSoftware\Sandcastle Help File Builder\PresentationStyles\VS2013\icons\protoperator.gif -&gt; C:\Users\karol\Documents\Programowanie pod Windows\1.1\zad5\zad5\Help\Working\Output\MSHelpViewer\icons\protoperator.gif
C:\Program Files (x86)\EWSoftware\Sandcastle Help File Builder\PresentationStyles\VS2013\icons\protproperty.gif -&gt; C:\Users\karol\Documents\Programowanie pod Windows\1.1\zad5\zad5\Help\Working\Output\MSHelpViewer\icons\protproperty.gif
C:\Program Files (x86)\EWSoftware\Sandcastle Help File Builder\PresentationStyles\VS2013\icons\protstructure.gif -&gt; C:\Users\karol\Documents\Programowanie pod Windows\1.1\zad5\zad5\Help\Working\Output\MSHelpViewer\icons\protstructure.gif
C:\Program Files (x86)\EWSoftware\Sandcastle Help File Builder\PresentationStyles\VS2013\icons\pubclass.gif -&gt; C:\Users\karol\Documents\Programowanie pod Windows\1.1\zad5\zad5\Help\Working\Output\MSHelpViewer\icons\pubclass.gif
C:\Program Files (x86)\EWSoftware\Sandcastle Help File Builder\PresentationStyles\VS2013\icons\pubdelegate.gif -&gt; C:\Users\karol\Documents\Programowanie pod Windows\1.1\zad5\zad5\Help\Working\Output\MSHelpViewer\icons\pubdelegate.gif
C:\Program Files (x86)\EWSoftware\Sandcastle Help File Builder\PresentationStyles\VS2013\icons\pubenumeration.gif -&gt; C:\Users\karol\Documents\Programowanie pod Windows\1.1\zad5\zad5\Help\Working\Output\MSHelpViewer\icons\pubenumeration.gif
C:\Program Files (x86)\EWSoftware\Sandcastle Help File Builder\PresentationStyles\VS2013\icons\pubevent.gif -&gt; C:\Users\karol\Documents\Programowanie pod Windows\1.1\zad5\zad5\Help\Working\Output\MSHelpViewer\icons\pubevent.gif
C:\Program Files (x86)\EWSoftware\Sandcastle Help File Builder\PresentationStyles\VS2013\icons\pubextension.gif -&gt; C:\Users\karol\Documents\Programowanie pod Windows\1.1\zad5\zad5\Help\Working\Output\MSHelpViewer\icons\pubextension.gif
C:\Program Files (x86)\EWSoftware\Sandcastle Help File Builder\PresentationStyles\VS2013\icons\pubfield.gif -&gt; C:\Users\karol\Documents\Programowanie pod Windows\1.1\zad5\zad5\Help\Working\Output\MSHelpViewer\icons\pubfield.gif
C:\Program Files (x86)\EWSoftware\Sandcastle Help File Builder\PresentationStyles\VS2013\icons\pubinterface.gif -&gt; C:\Users\karol\Documents\Programowanie pod Windows\1.1\zad5\zad5\Help\Working\Output\MSHelpViewer\icons\pubinterface.gif
C:\Program Files (x86)\EWSoftware\Sandcastle Help File Builder\PresentationStyles\VS2013\icons\pubmethod.gif -&gt; C:\Users\karol\Documents\Programowanie pod Windows\1.1\zad5\zad5\Help\Working\Output\MSHelpViewer\icons\pubmethod.gif
C:\Program Files (x86)\EWSoftware\Sandcastle Help File Builder\PresentationStyles\VS2013\icons\puboperator.gif -&gt; C:\Users\karol\Documents\Programowanie pod Windows\1.1\zad5\zad5\Help\Working\Output\MSHelpViewer\icons\puboperator.gif
C:\Program Files (x86)\EWSoftware\Sandcastle Help File Builder\PresentationStyles\VS2013\icons\pubproperty.gif -&gt; C:\Users\karol\Documents\Programowanie pod Windows\1.1\zad5\zad5\Help\Working\Output\MSHelpViewer\icons\pubproperty.gif
C:\Program Files (x86)\EWSoftware\Sandcastle Help File Builder\PresentationStyles\VS2013\icons\pubstructure.gif -&gt; C:\Users\karol\Documents\Programowanie pod Windows\1.1\zad5\zad5\Help\Working\Output\MSHelpViewer\icons\pubstructure.gif
C:\Program Files (x86)\EWSoftware\Sandcastle Help File Builder\PresentationStyles\VS2013\icons\SectionCollapsed.png -&gt; C:\Users\karol\Documents\Programowanie pod Windows\1.1\zad5\zad5\Help\Working\Output\MSHelpViewer\icons\SectionCollapsed.png
C:\Program Files (x86)\EWSoftware\Sandcastle Help File Builder\PresentationStyles\VS2013\icons\SectionExpanded.png -&gt; C:\Users\karol\Documents\Programowanie pod Windows\1.1\zad5\zad5\Help\Working\Output\MSHelpViewer\icons\SectionExpanded.png
C:\Program Files (x86)\EWSoftware\Sandcastle Help File Builder\PresentationStyles\VS2013\icons\slMobile.gif -&gt; C:\Users\karol\Documents\Programowanie pod Windows\1.1\zad5\zad5\Help\Working\Output\MSHelpViewer\icons\slMobile.gif
C:\Program Files (x86)\EWSoftware\Sandcastle Help File Builder\PresentationStyles\VS2013\icons\static.gif -&gt; C:\Users\karol\Documents\Programowanie pod Windows\1.1\zad5\zad5\Help\Working\Output\MSHelpViewer\icons\static.gif
C:\Program Files (x86)\EWSoftware\Sandcastle Help File Builder\PresentationStyles\VS2013\icons\xna.gif -&gt; C:\Users\karol\Documents\Programowanie pod Windows\1.1\zad5\zad5\Help\Working\Output\MSHelpViewer\icons\xna.gif
C:\Program Files (x86)\EWSoftware\Sandcastle Help File Builder\PresentationStyles\VS2013\scripts\branding.js -&gt; C:\Users\karol\Documents\Programowanie pod Windows\1.1\zad5\zad5\Help\Working\Output\MSHelpViewer\scripts\branding.js
C:\Program Files (x86)\EWSoftware\Sandcastle Help File Builder\PresentationStyles\VS2013\styles\branding-cs-CZ.css -&gt; C:\Users\karol\Documents\Programowanie pod Windows\1.1\zad5\zad5\Help\Working\Output\MSHelpViewer\styles\branding-cs-CZ.css
C:\Program Files (x86)\EWSoftware\Sandcastle Help File Builder\PresentationStyles\VS2013\styles\branding-de-DE.css -&gt; C:\Users\karol\Documents\Programowanie pod Windows\1.1\zad5\zad5\Help\Working\Output\MSHelpViewer\styles\branding-de-DE.css
C:\Program Files (x86)\EWSoftware\Sandcastle Help File Builder\PresentationStyles\VS2013\styles\branding-en-US.css -&gt; C:\Users\karol\Documents\Programowanie pod Windows\1.1\zad5\zad5\Help\Working\Output\MSHelpViewer\styles\branding-en-US.css
C:\Program Files (x86)\EWSoftware\Sandcastle Help File Builder\PresentationStyles\VS2013\styles\branding-es-ES.css -&gt; C:\Users\karol\Documents\Programowanie pod Windows\1.1\zad5\zad5\Help\Working\Output\MSHelpViewer\styles\branding-es-ES.css
C:\Program Files (x86)\EWSoftware\Sandcastle Help File Builder\PresentationStyles\VS2013\styles\branding-fr-FR.css -&gt; C:\Users\karol\Documents\Programowanie pod Windows\1.1\zad5\zad5\Help\Working\Output\MSHelpViewer\styles\branding-fr-FR.css
C:\Program Files (x86)\EWSoftware\Sandcastle Help File Builder\PresentationStyles\VS2013\styles\branding-Help1.css -&gt; C:\Users\karol\Documents\Programowanie pod Windows\1.1\zad5\zad5\Help\Working\Output\MSHelpViewer\styles\branding-Help1.css
C:\Program Files (x86)\EWSoftware\Sandcastle Help File Builder\PresentationStyles\VS2013\styles\branding-HelpViewer.css -&gt; C:\Users\karol\Documents\Programowanie pod Windows\1.1\zad5\zad5\Help\Working\Output\MSHelpViewer\styles\branding-HelpViewer.css
C:\Program Files (x86)\EWSoftware\Sandcastle Help File Builder\PresentationStyles\VS2013\styles\branding-it-IT.css -&gt; C:\Users\karol\Documents\Programowanie pod Windows\1.1\zad5\zad5\Help\Working\Output\MSHelpViewer\styles\branding-it-IT.css
C:\Program Files (x86)\EWSoftware\Sandcastle Help File Builder\PresentationStyles\VS2013\styles\branding-ja-JP.css -&gt; C:\Users\karol\Documents\Programowanie pod Windows\1.1\zad5\zad5\Help\Working\Output\MSHelpViewer\styles\branding-ja-JP.css
C:\Program Files (x86)\EWSoftware\Sandcastle Help File Builder\PresentationStyles\VS2013\styles\branding-ko-KR.css -&gt; C:\Users\karol\Documents\Programowanie pod Windows\1.1\zad5\zad5\Help\Working\Output\MSHelpViewer\styles\branding-ko-KR.css
C:\Program Files (x86)\EWSoftware\Sandcastle Help File Builder\PresentationStyles\VS2013\styles\branding-pl-PL.css -&gt; C:\Users\karol\Documents\Programowanie pod Windows\1.1\zad5\zad5\Help\Working\Output\MSHelpViewer\styles\branding-pl-PL.css
C:\Program Files (x86)\EWSoftware\Sandcastle Help File Builder\PresentationStyles\VS2013\styles\branding-pt-BR.css -&gt; C:\Users\karol\Documents\Programowanie pod Windows\1.1\zad5\zad5\Help\Working\Output\MSHelpViewer\styles\branding-pt-BR.css
C:\Program Files (x86)\EWSoftware\Sandcastle Help File Builder\PresentationStyles\VS2013\styles\branding-ru-RU.css -&gt; C:\Users\karol\Documents\Programowanie pod Windows\1.1\zad5\zad5\Help\Working\Output\MSHelpViewer\styles\branding-ru-RU.css
C:\Program Files (x86)\EWSoftware\Sandcastle Help File Builder\PresentationStyles\VS2013\styles\branding-tr-TR.css -&gt; C:\Users\karol\Documents\Programowanie pod Windows\1.1\zad5\zad5\Help\Working\Output\MSHelpViewer\styles\branding-tr-TR.css
C:\Program Files (x86)\EWSoftware\Sandcastle Help File Builder\PresentationStyles\VS2013\styles\branding-Website.css -&gt; C:\Users\karol\Documents\Programowanie pod Windows\1.1\zad5\zad5\Help\Working\Output\MSHelpViewer\styles\branding-Website.css
C:\Program Files (x86)\EWSoftware\Sandcastle Help File Builder\PresentationStyles\VS2013\styles\branding-zh-CN.css -&gt; C:\Users\karol\Documents\Programowanie pod Windows\1.1\zad5\zad5\Help\Working\Output\MSHelpViewer\styles\branding-zh-CN.css
C:\Program Files (x86)\EWSoftware\Sandcastle Help File Builder\PresentationStyles\VS2013\styles\branding-zh-TW.css -&gt; C:\Users\karol\Documents\Programowanie pod Windows\1.1\zad5\zad5\Help\Working\Output\MSHelpViewer\styles\branding-zh-TW.css
C:\Program Files (x86)\EWSoftware\Sandcastle Help File Builder\PresentationStyles\VS2013\styles\branding.css -&gt; C:\Users\karol\Documents\Programowanie pod Windows\1.1\zad5\zad5\Help\Working\Output\MSHelpViewer\styles\branding.css
C:\Program Files (x86)\EWSoftware\Sandcastle Help File Builder\PresentationStyles\VS2013\icons\AlertCaution.png -&gt; C:\Users\karol\Documents\Programowanie pod Windows\1.1\zad5\zad5\Help\Working\Output\Website\icons\AlertCaution.png
C:\Program Files (x86)\EWSoftware\Sandcastle Help File Builder\PresentationStyles\VS2013\icons\AlertNote.png -&gt; C:\Users\karol\Documents\Programowanie pod Windows\1.1\zad5\zad5\Help\Working\Output\Website\icons\AlertNote.png
C:\Program Files (x86)\EWSoftware\Sandcastle Help File Builder\PresentationStyles\VS2013\icons\AlertSecurity.png -&gt; C:\Users\karol\Documents\Programowanie pod Windows\1.1\zad5\zad5\Help\Working\Output\Website\icons\AlertSecurity.png
C:\Program Files (x86)\EWSoftware\Sandcastle Help File Builder\PresentationStyles\VS2013\icons\CFW.gif -&gt; C:\Users\karol\Documents\Programowanie pod Windows\1.1\zad5\zad5\Help\Working\Output\Website\icons\CFW.gif
C:\Program Files (x86)\EWSoftware\Sandcastle Help File Builder\PresentationStyles\VS2013\icons\CodeExample.png -&gt; C:\Users\karol\Documents\Programowanie pod Windows\1.1\zad5\zad5\Help\Working\Output\Website\icons\CodeExample.png
C:\Program Files (x86)\EWSoftware\Sandcastle Help File Builder\PresentationStyles\VS2013\icons\favicon.ico -&gt; C:\Users\karol\Documents\Programowanie pod Windows\1.1\zad5\zad5\Help\Working\Output\Website\icons\favicon.ico
C:\Program Files (x86)\EWSoftware\Sandcastle Help File Builder\PresentationStyles\VS2013\icons\privclass.gif -&gt; C:\Users\karol\Documents\Programowanie pod Windows\1.1\zad5\zad5\Help\Working\Output\Website\icons\privclass.gif
C:\Program Files (x86)\EWSoftware\Sandcastle Help File Builder\PresentationStyles\VS2013\icons\privdelegate.gif -&gt; C:\Users\karol\Documents\Programowanie pod Windows\1.1\zad5\zad5\Help\Working\Output\Website\icons\privdelegate.gif
C:\Program Files (x86)\EWSoftware\Sandcastle Help File Builder\PresentationStyles\VS2013\icons\privenumeration.gif -&gt; C:\Users\karol\Documents\Programowanie pod Windows\1.1\zad5\zad5\Help\Working\Output\Website\icons\privenumeration.gif
C:\Program Files (x86)\EWSoftware\Sandcastle Help File Builder\PresentationStyles\VS2013\icons\privevent.gif -&gt; C:\Users\karol\Documents\Programowanie pod Windows\1.1\zad5\zad5\Help\Working\Output\Website\icons\privevent.gif
C:\Program Files (x86)\EWSoftware\Sandcastle Help File Builder\PresentationStyles\VS2013\icons\privextension.gif -&gt; C:\Users\karol\Documents\Programowanie pod Windows\1.1\zad5\zad5\Help\Working\Output\Website\icons\privextension.gif
C:\Program Files (x86)\EWSoftware\Sandcastle Help File Builder\PresentationStyles\VS2013\icons\privfield.gif -&gt; C:\Users\karol\Documents\Programowanie pod Windows\1.1\zad5\zad5\Help\Working\Output\Website\icons\privfield.gif
C:\Program Files (x86)\EWSoftware\Sandcastle Help File Builder\PresentationStyles\VS2013\icons\privinterface.gif -&gt; C:\Users\karol\Documents\Programowanie pod Windows\1.1\zad5\zad5\Help\Working\Output\Website\icons\privinterface.gif
C:\Program Files (x86)\EWSoftware\Sandcastle Help File Builder\PresentationStyles\VS2013\icons\privmethod.gif -&gt; C:\Users\karol\Documents\Programowanie pod Windows\1.1\zad5\zad5\Help\Working\Output\Website\icons\privmethod.gif
C:\Program Files (x86)\EWSoftware\Sandcastle Help File Builder\PresentationStyles\VS2013\icons\privproperty.gif -&gt; C:\Users\karol\Documents\Programowanie pod Windows\1.1\zad5\zad5\Help\Working\Output\Website\icons\privproperty.gif
C:\Program Files (x86)\EWSoftware\Sandcastle Help File Builder\PresentationStyles\VS2013\icons\privstructure.gif -&gt; C:\Users\karol\Documents\Programowanie pod Windows\1.1\zad5\zad5\Help\Working\Output\Website\icons\privstructure.gif
C:\Program Files (x86)\EWSoftware\Sandcastle Help File Builder\PresentationStyles\VS2013\icons\protclass.gif -&gt; C:\Users\karol\Documents\Programowanie pod Windows\1.1\zad5\zad5\Help\Working\Output\Website\icons\protclass.gif
C:\Program Files (x86)\EWSoftware\Sandcastle Help File Builder\PresentationStyles\VS2013\icons\protdelegate.gif -&gt; C:\Users\karol\Documents\Programowanie pod Windows\1.1\zad5\zad5\Help\Working\Output\Website\icons\protdelegate.gif
C:\Program Files (x86)\EWSoftware\Sandcastle Help File Builder\PresentationStyles\VS2013\icons\protenumeration.gif -&gt; C:\Users\karol\Documents\Programowanie pod Windows\1.1\zad5\zad5\Help\Working\Output\Website\icons\protenumeration.gif
C:\Program Files (x86)\EWSoftware\Sandcastle Help File Builder\PresentationStyles\VS2013\icons\protevent.gif -&gt; C:\Users\karol\Documents\Programowanie pod Windows\1.1\zad5\zad5\Help\Working\Output\Website\icons\protevent.gif
C:\Program Files (x86)\EWSoftware\Sandcastle Help File Builder\PresentationStyles\VS2013\icons\protextension.gif -&gt; C:\Users\karol\Documents\Programowanie pod Windows\1.1\zad5\zad5\Help\Working\Output\Website\icons\protextension.gif
C:\Program Files (x86)\EWSoftware\Sandcastle Help File Builder\PresentationStyles\VS2013\icons\protfield.gif -&gt; C:\Users\karol\Documents\Programowanie pod Windows\1.1\zad5\zad5\Help\Working\Output\Website\icons\protfield.gif
C:\Program Files (x86)\EWSoftware\Sandcastle Help File Builder\PresentationStyles\VS2013\icons\protinterface.gif -&gt; C:\Users\karol\Documents\Programowanie pod Windows\1.1\zad5\zad5\Help\Working\Output\Website\icons\protinterface.gif
C:\Program Files (x86)\EWSoftware\Sandcastle Help File Builder\PresentationStyles\VS2013\icons\protmethod.gif -&gt; C:\Users\karol\Documents\Programowanie pod Windows\1.1\zad5\zad5\Help\Working\Output\Website\icons\protmethod.gif
C:\Program Files (x86)\EWSoftware\Sandcastle Help File Builder\PresentationStyles\VS2013\icons\protoperator.gif -&gt; C:\Users\karol\Documents\Programowanie pod Windows\1.1\zad5\zad5\Help\Working\Output\Website\icons\protoperator.gif
C:\Program Files (x86)\EWSoftware\Sandcastle Help File Builder\PresentationStyles\VS2013\icons\protproperty.gif -&gt; C:\Users\karol\Documents\Programowanie pod Windows\1.1\zad5\zad5\Help\Working\Output\Website\icons\protproperty.gif
C:\Program Files (x86)\EWSoftware\Sandcastle Help File Builder\PresentationStyles\VS2013\icons\protstructure.gif -&gt; C:\Users\karol\Documents\Programowanie pod Windows\1.1\zad5\zad5\Help\Working\Output\Website\icons\protstructure.gif
C:\Program Files (x86)\EWSoftware\Sandcastle Help File Builder\PresentationStyles\VS2013\icons\pubclass.gif -&gt; C:\Users\karol\Documents\Programowanie pod Windows\1.1\zad5\zad5\Help\Working\Output\Website\icons\pubclass.gif
C:\Program Files (x86)\EWSoftware\Sandcastle Help File Builder\PresentationStyles\VS2013\icons\pubdelegate.gif -&gt; C:\Users\karol\Documents\Programowanie pod Windows\1.1\zad5\zad5\Help\Working\Output\Website\icons\pubdelegate.gif
C:\Program Files (x86)\EWSoftware\Sandcastle Help File Builder\PresentationStyles\VS2013\icons\pubenumeration.gif -&gt; C:\Users\karol\Documents\Programowanie pod Windows\1.1\zad5\zad5\Help\Working\Output\Website\icons\pubenumeration.gif
C:\Program Files (x86)\EWSoftware\Sandcastle Help File Builder\PresentationStyles\VS2013\icons\pubevent.gif -&gt; C:\Users\karol\Documents\Programowanie pod Windows\1.1\zad5\zad5\Help\Working\Output\Website\icons\pubevent.gif
C:\Program Files (x86)\EWSoftware\Sandcastle Help File Builder\PresentationStyles\VS2013\icons\pubextension.gif -&gt; C:\Users\karol\Documents\Programowanie pod Windows\1.1\zad5\zad5\Help\Working\Output\Website\icons\pubextension.gif
C:\Program Files (x86)\EWSoftware\Sandcastle Help File Builder\PresentationStyles\VS2013\icons\pubfield.gif -&gt; C:\Users\karol\Documents\Programowanie pod Windows\1.1\zad5\zad5\Help\Working\Output\Website\icons\pubfield.gif
C:\Program Files (x86)\EWSoftware\Sandcastle Help File Builder\PresentationStyles\VS2013\icons\pubinterface.gif -&gt; C:\Users\karol\Documents\Programowanie pod Windows\1.1\zad5\zad5\Help\Working\Output\Website\icons\pubinterface.gif
C:\Program Files (x86)\EWSoftware\Sandcastle Help File Builder\PresentationStyles\VS2013\icons\pubmethod.gif -&gt; C:\Users\karol\Documents\Programowanie pod Windows\1.1\zad5\zad5\Help\Working\Output\Website\icons\pubmethod.gif
C:\Program Files (x86)\EWSoftware\Sandcastle Help File Builder\PresentationStyles\VS2013\icons\puboperator.gif -&gt; C:\Users\karol\Documents\Programowanie pod Windows\1.1\zad5\zad5\Help\Working\Output\Website\icons\puboperator.gif
C:\Program Files (x86)\EWSoftware\Sandcastle Help File Builder\PresentationStyles\VS2013\icons\pubproperty.gif -&gt; C:\Users\karol\Documents\Programowanie pod Windows\1.1\zad5\zad5\Help\Working\Output\Website\icons\pubproperty.gif
C:\Program Files (x86)\EWSoftware\Sandcastle Help File Builder\PresentationStyles\VS2013\icons\pubstructure.gif -&gt; C:\Users\karol\Documents\Programowanie pod Windows\1.1\zad5\zad5\Help\Working\Output\Website\icons\pubstructure.gif
C:\Program Files (x86)\EWSoftware\Sandcastle Help File Builder\PresentationStyles\VS2013\icons\SectionCollapsed.png -&gt; C:\Users\karol\Documents\Programowanie pod Windows\1.1\zad5\zad5\Help\Working\Output\Website\icons\SectionCollapsed.png
C:\Program Files (x86)\EWSoftware\Sandcastle Help File Builder\PresentationStyles\VS2013\icons\SectionExpanded.png -&gt; C:\Users\karol\Documents\Programowanie pod Windows\1.1\zad5\zad5\Help\Working\Output\Website\icons\SectionExpanded.png
C:\Program Files (x86)\EWSoftware\Sandcastle Help File Builder\PresentationStyles\VS2013\icons\slMobile.gif -&gt; C:\Users\karol\Documents\Programowanie pod Windows\1.1\zad5\zad5\Help\Working\Output\Website\icons\slMobile.gif
C:\Program Files (x86)\EWSoftware\Sandcastle Help File Builder\PresentationStyles\VS2013\icons\static.gif -&gt; C:\Users\karol\Documents\Programowanie pod Windows\1.1\zad5\zad5\Help\Working\Output\Website\icons\static.gif
C:\Program Files (x86)\EWSoftware\Sandcastle Help File Builder\PresentationStyles\VS2013\icons\xna.gif -&gt; C:\Users\karol\Documents\Programowanie pod Windows\1.1\zad5\zad5\Help\Working\Output\Website\icons\xna.gif
C:\Program Files (x86)\EWSoftware\Sandcastle Help File Builder\PresentationStyles\VS2013\scripts\branding.js -&gt; C:\Users\karol\Documents\Programowanie pod Windows\1.1\zad5\zad5\Help\Working\Output\Website\scripts\branding.js
C:\Program Files (x86)\EWSoftware\Sandcastle Help File Builder\PresentationStyles\VS2013\styles\branding-cs-CZ.css -&gt; C:\Users\karol\Documents\Programowanie pod Windows\1.1\zad5\zad5\Help\Working\Output\Website\styles\branding-cs-CZ.css
C:\Program Files (x86)\EWSoftware\Sandcastle Help File Builder\PresentationStyles\VS2013\styles\branding-de-DE.css -&gt; C:\Users\karol\Documents\Programowanie pod Windows\1.1\zad5\zad5\Help\Working\Output\Website\styles\branding-de-DE.css
C:\Program Files (x86)\EWSoftware\Sandcastle Help File Builder\PresentationStyles\VS2013\styles\branding-en-US.css -&gt; C:\Users\karol\Documents\Programowanie pod Windows\1.1\zad5\zad5\Help\Working\Output\Website\styles\branding-en-US.css
C:\Program Files (x86)\EWSoftware\Sandcastle Help File Builder\PresentationStyles\VS2013\styles\branding-es-ES.css -&gt; C:\Users\karol\Documents\Programowanie pod Windows\1.1\zad5\zad5\Help\Working\Output\Website\styles\branding-es-ES.css
C:\Program Files (x86)\EWSoftware\Sandcastle Help File Builder\PresentationStyles\VS2013\styles\branding-fr-FR.css -&gt; C:\Users\karol\Documents\Programowanie pod Windows\1.1\zad5\zad5\Help\Working\Output\Website\styles\branding-fr-FR.css
C:\Program Files (x86)\EWSoftware\Sandcastle Help File Builder\PresentationStyles\VS2013\styles\branding-Help1.css -&gt; C:\Users\karol\Documents\Programowanie pod Windows\1.1\zad5\zad5\Help\Working\Output\Website\styles\branding-Help1.css
C:\Program Files (x86)\EWSoftware\Sandcastle Help File Builder\PresentationStyles\VS2013\styles\branding-HelpViewer.css -&gt; C:\Users\karol\Documents\Programowanie pod Windows\1.1\zad5\zad5\Help\Working\Output\Website\styles\branding-HelpViewer.css
C:\Program Files (x86)\EWSoftware\Sandcastle Help File Builder\PresentationStyles\VS2013\styles\branding-it-IT.css -&gt; C:\Users\karol\Documents\Programowanie pod Windows\1.1\zad5\zad5\Help\Working\Output\Website\styles\branding-it-IT.css
C:\Program Files (x86)\EWSoftware\Sandcastle Help File Builder\PresentationStyles\VS2013\styles\branding-ja-JP.css -&gt; C:\Users\karol\Documents\Programowanie pod Windows\1.1\zad5\zad5\Help\Working\Output\Website\styles\branding-ja-JP.css
C:\Program Files (x86)\EWSoftware\Sandcastle Help File Builder\PresentationStyles\VS2013\styles\branding-ko-KR.css -&gt; C:\Users\karol\Documents\Programowanie pod Windows\1.1\zad5\zad5\Help\Working\Output\Website\styles\branding-ko-KR.css
C:\Program Files (x86)\EWSoftware\Sandcastle Help File Builder\PresentationStyles\VS2013\styles\branding-pl-PL.css -&gt; C:\Users\karol\Documents\Programowanie pod Windows\1.1\zad5\zad5\Help\Working\Output\Website\styles\branding-pl-PL.css
C:\Program Files (x86)\EWSoftware\Sandcastle Help File Builder\PresentationStyles\VS2013\styles\branding-pt-BR.css -&gt; C:\Users\karol\Documents\Programowanie pod Windows\1.1\zad5\zad5\Help\Working\Output\Website\styles\branding-pt-BR.css
C:\Program Files (x86)\EWSoftware\Sandcastle Help File Builder\PresentationStyles\VS2013\styles\branding-ru-RU.css -&gt; C:\Users\karol\Documents\Programowanie pod Windows\1.1\zad5\zad5\Help\Working\Output\Website\styles\branding-ru-RU.css
C:\Program Files (x86)\EWSoftware\Sandcastle Help File Builder\PresentationStyles\VS2013\styles\branding-tr-TR.css -&gt; C:\Users\karol\Documents\Programowanie pod Windows\1.1\zad5\zad5\Help\Working\Output\Website\styles\branding-tr-TR.css
C:\Program Files (x86)\EWSoftware\Sandcastle Help File Builder\PresentationStyles\VS2013\styles\branding-Website.css -&gt; C:\Users\karol\Documents\Programowanie pod Windows\1.1\zad5\zad5\Help\Working\Output\Website\styles\branding-Website.css
C:\Program Files (x86)\EWSoftware\Sandcastle Help File Builder\PresentationStyles\VS2013\styles\branding-zh-CN.css -&gt; C:\Users\karol\Documents\Programowanie pod Windows\1.1\zad5\zad5\Help\Working\Output\Website\styles\branding-zh-CN.css
C:\Program Files (x86)\EWSoftware\Sandcastle Help File Builder\PresentationStyles\VS2013\styles\branding-zh-TW.css -&gt; C:\Users\karol\Documents\Programowanie pod Windows\1.1\zad5\zad5\Help\Working\Output\Website\styles\branding-zh-TW.css
C:\Program Files (x86)\EWSoftware\Sandcastle Help File Builder\PresentationStyles\VS2013\styles\branding.css -&gt; C:\Users\karol\Documents\Programowanie pod Windows\1.1\zad5\zad5\Help\Working\Output\Website\styles\branding.css
C:\Program Files (x86)\EWSoftware\Sandcastle Help File Builder\PresentationStyles\VS2013\Web\index.html -&gt; C:\Users\karol\Documents\Programowanie pod Windows\1.1\zad5\zad5\Help\Working\Output\Website\index.html
C:\Program Files (x86)\EWSoftware\Sandcastle Help File Builder\PresentationStyles\VS2013\Web\search.html -&gt; C:\Users\karol\Documents\Programowanie pod Windows\1.1\zad5\zad5\Help\Working\Output\Website\search.html
C:\Program Files (x86)\EWSoftware\Sandcastle Help File Builder\PresentationStyles\VS2013\Web\SearchHelp.aspx -&gt; C:\Users\karol\Documents\Programowanie pod Windows\1.1\zad5\zad5\Help\Working\Output\Website\SearchHelp.aspx
C:\Program Files (x86)\EWSoftware\Sandcastle Help File Builder\PresentationStyles\VS2013\Web\SearchHelp.inc.php -&gt; C:\Users\karol\Documents\Programowanie pod Windows\1.1\zad5\zad5\Help\Working\Output\Website\SearchHelp.inc.php
C:\Program Files (x86)\EWSoftware\Sandcastle Help File Builder\PresentationStyles\VS2013\Web\SearchHelp.php -&gt; C:\Users\karol\Documents\Programowanie pod Windows\1.1\zad5\zad5\Help\Working\Output\Website\SearchHelp.php
C:\Program Files (x86)\EWSoftware\Sandcastle Help File Builder\PresentationStyles\VS2013\Web\Web.Config -&gt; C:\Users\karol\Documents\Programowanie pod Windows\1.1\zad5\zad5\Help\Working\Output\Website\Web.Config
C:\Program Files (x86)\EWSoftware\Sandcastle Help File Builder\PresentationStyles\VS2013\Web\html\GeneralError.htm -&gt; C:\Users\karol\Documents\Programowanie pod Windows\1.1\zad5\zad5\Help\Working\Output\Website\html\GeneralError.htm
C:\Program Files (x86)\EWSoftware\Sandcastle Help File Builder\PresentationStyles\VS2013\Web\html\PageNotFound.htm -&gt; C:\Users\karol\Documents\Programowanie pod Windows\1.1\zad5\zad5\Help\Working\Output\Website\html\PageNotFound.htm
C:\Program Files (x86)\EWSoftware\Sandcastle Help File Builder\PresentationStyles\VS2013\Web\icons\Search.png -&gt; C:\Users\karol\Documents\Programowanie pod Windows\1.1\zad5\zad5\Help\Working\Output\Website\icons\Search.png
C:\Program Files (x86)\EWSoftware\Sandcastle Help File Builder\PresentationStyles\VS2013\Web\icons\TocClose.gif -&gt; C:\Users\karol\Documents\Programowanie pod Windows\1.1\zad5\zad5\Help\Working\Output\Website\icons\TocClose.gif
C:\Program Files (x86)\EWSoftware\Sandcastle Help File Builder\PresentationStyles\VS2013\Web\icons\TocCollapsed.gif -&gt; C:\Users\karol\Documents\Programowanie pod Windows\1.1\zad5\zad5\Help\Working\Output\Website\icons\TocCollapsed.gif
C:\Program Files (x86)\EWSoftware\Sandcastle Help File Builder\PresentationStyles\VS2013\Web\icons\TocExpanded.gif -&gt; C:\Users\karol\Documents\Programowanie pod Windows\1.1\zad5\zad5\Help\Working\Output\Website\icons\TocExpanded.gif
C:\Program Files (x86)\EWSoftware\Sandcastle Help File Builder\PresentationStyles\VS2013\Web\icons\TocOpen.gif -&gt; C:\Users\karol\Documents\Programowanie pod Windows\1.1\zad5\zad5\Help\Working\Output\Website\icons\TocOpen.gif
C:\Program Files (x86)\EWSoftware\Sandcastle Help File Builder\PresentationStyles\VS2013\Web\scripts\branding-Website.js -&gt; C:\Users\karol\Documents\Programowanie pod Windows\1.1\zad5\zad5\Help\Working\Output\Website\scripts\branding-Website.js
C:\Program Files (x86)\EWSoftware\Sandcastle Help File Builder\PresentationStyles\VS2013\Web\scripts\clipboard.min.js -&gt; C:\Users\karol\Documents\Programowanie pod Windows\1.1\zad5\zad5\Help\Working\Output\Website\scripts\clipboard.min.js
C:\Program Files (x86)\EWSoftware\Sandcastle Help File Builder\PresentationStyles\VS2013\Web\scripts\jquery-3.3.1.min.js -&gt; C:\Users\karol\Documents\Programowanie pod Windows\1.1\zad5\zad5\Help\Working\Output\Website\scripts\jquery-3.3.1.min.js
    Last step completed in 00:00:01,6708
</buildStep>
<buildStep step="GenerateHelpFormatTableOfContents">
Generating HTML Help 1 table of contents file...
    Last step completed in 00:00:00,0000
</buildStep>
<buildStep step="GenerateHelpFileIndex">
Generating HTML Help 1 index file...
    Last step completed in 00:00:00,0000
</buildStep>
<buildStep step="GenerateHelpProject">
Generating HTML Help 1 project file...
    Last step completed in 00:00:00,0060
</buildStep>
<buildStep step="CompilingHelpFile">
Compiling HTML Help 1 file...
[C:\Program Files (x86)\Microsoft Visual Studio\2019\Community\MSBuild\Current\Bin\MSBuild.exe - Build1xHelpFile.proj]
  Microsoft HTML Help Compiler 4.74.8702
  
  
  
  Compiling c:\Users\karol\Documents\Programowanie pod Windows\1.1\zad5\zad5\Help\Working\Output\HtmlHelp1\zad5.chm
  
  
  
  
  
  Compile time: 0 minutes, 0 seconds
  
  20	Topics
  
  147	Local links
  
  0	Internet links
  
  0	Graphics
  
  
  
  
  
  Created c:\Users\karol\Documents\Programowanie pod Windows\1.1\zad5\zad5\Help\Working\Output\HtmlHelp1\zad5.chm, 67,072 bytes
  
  Compression decreased file by 117,828 bytes.
  
    Last step completed in 00:00:00,7101
</buildStep>
<buildStep step="GenerateHelpFormatTableOfContents">
Executing informational Generate Table of Contents build step for plug-ins (not used for MS Help Viewer)
    Last step completed in 00:00:00,0020
</buildStep>
<buildStep step="GenerateHelpProject">
Executing informational Generate Help Project build step for plug-ins (not used for MS Help Viewer)
    Last step completed in 00:00:00,0010
</buildStep>
<buildStep step="CompilingHelpFile">
Generating MS Help Viewer file...
[C:\Program Files (x86)\Microsoft Visual Studio\2019\Community\MSBuild\Current\Bin\MSBuild.exe - BuildHelpViewerFile.proj]
  Compressing help content files...
  Compression finished.  87 items added
  Saving C:\Users\karol\Documents\Programowanie pod Windows\1.1\zad5\zad5\Help\zad5.mshc...
  Finished saving C:\Users\karol\Documents\Programowanie pod Windows\1.1\zad5\zad5\Help\zad5.mshc
  Compressed 5 folders, 82 files.  Reduced size by 108˙229 bytes (59%).
    Last step completed in 00:00:00,4069
</buildStep>
<buildStep step="GenerateHelpFormatTableOfContents">
Generating website table of contents file...
    Last step completed in 00:00:00,0010
</buildStep>
<buildStep step="GenerateFullTextIndex">
Generating full-text index for the website...

<plugIn name="Lightweight Website Style" behavior="After" priority="1000">
Adding lightweight search and TOC elements to each topic...
</plugIn>    Last step completed in 00:00:00,1416
</buildStep>
<buildStep step="CopyingWebsiteFiles">
Copying website files to output folder...

Copied 132 files for the website content
    Last step completed in 00:00:00,1890
</buildStep>
<buildStep step="CleanIntermediates">
Removing intermediate files...
    Last step completed in 00:00:00,0749
</buildStep>
<buildStep step="Completed">

Build completed successfully at 23.03.2020 22:35:35.  Total time: 00:00:15,7915

</buildStep>
</shfbBuild>
